{"total": {"lines":{"total":911,"covered":186,"skipped":0,"pct":20.41},"statements":{"total":938,"covered":186,"skipped":0,"pct":19.82},"functions":{"total":272,"covered":16,"skipped":0,"pct":5.88},"branches":{"total":389,"covered":24,"skipped":0,"pct":6.16},"branchesTrue":{"total":0,"covered":0,"skipped":0,"pct":100}}
,"/home/sysreiner/hr_capstones/the-real-frontend-capstone/cad/client/src/App.jsx": {"lines":{"total":2,"covered":2,"skipped":0,"pct":100},"functions":{"total":1,"covered":1,"skipped":0,"pct":100},"statements":{"total":2,"covered":2,"skipped":0,"pct":100},"branches":{"total":0,"covered":0,"skipped":0,"pct":100}}
,"/home/sysreiner/hr_capstones/the-real-frontend-capstone/cad/client/src/AxiosInstance.js": {"lines":{"total":1,"covered":1,"skipped":0,"pct":100},"functions":{"total":0,"covered":0,"skipped":0,"pct":100},"statements":{"total":1,"covered":1,"skipped":0,"pct":100},"branches":{"total":0,"covered":0,"skipped":0,"pct":100}}
,"/home/sysreiner/hr_capstones/the-real-frontend-capstone/cad/client/src/ProductContext.jsx": {"lines":{"total":42,"covered":16,"skipped":0,"pct":38.09},"functions":{"total":17,"covered":1,"skipped":0,"pct":5.88},"statements":{"total":44,"covered":16,"skipped":0,"pct":36.36},"branches":{"total":6,"covered":0,"skipped":0,"pct":0}}
,"/home/sysreiner/hr_capstones/the-real-frontend-capstone/cad/client/src/components/header/Header.jsx": {"lines":{"total":2,"covered":2,"skipped":0,"pct":100},"functions":{"total":1,"covered":1,"skipped":0,"pct":100},"statements":{"total":2,"covered":2,"skipped":0,"pct":100},"branches":{"total":0,"covered":0,"skipped":0,"pct":100}}
,"/home/sysreiner/hr_capstones/the-real-frontend-capstone/cad/client/src/components/qa/AddAQuestionModal.jsx": {"lines":{"total":30,"covered":4,"skipped":0,"pct":13.33},"functions":{"total":9,"covered":0,"skipped":0,"pct":0},"statements":{"total":30,"covered":4,"skipped":0,"pct":13.33},"branches":{"total":8,"covered":0,"skipped":0,"pct":0}}
,"/home/sysreiner/hr_capstones/the-real-frontend-capstone/cad/client/src/components/qa/AddAnAnswerModal.jsx": {"lines":{"total":5,"covered":1,"skipped":0,"pct":20},"functions":{"total":2,"covered":0,"skipped":0,"pct":0},"statements":{"total":5,"covered":1,"skipped":0,"pct":20},"branches":{"total":0,"covered":0,"skipped":0,"pct":100}}
,"/home/sysreiner/hr_capstones/the-real-frontend-capstone/cad/client/src/components/qa/Answers.jsx": {"lines":{"total":35,"covered":4,"skipped":0,"pct":11.42},"functions":{"total":11,"covered":0,"skipped":0,"pct":0},"statements":{"total":38,"covered":4,"skipped":0,"pct":10.52},"branches":{"total":18,"covered":0,"skipped":0,"pct":0}}
,"/home/sysreiner/hr_capstones/the-real-frontend-capstone/cad/client/src/components/qa/Footer.jsx": {"lines":{"total":26,"covered":4,"skipped":0,"pct":15.38},"functions":{"total":7,"covered":0,"skipped":0,"pct":0},"statements":{"total":26,"covered":4,"skipped":0,"pct":15.38},"branches":{"total":4,"covered":0,"skipped":0,"pct":0}}
,"/home/sysreiner/hr_capstones/the-real-frontend-capstone/cad/client/src/components/qa/MoreQuestions.jsx": {"lines":{"total":2,"covered":1,"skipped":0,"pct":50},"functions":{"total":1,"covered":0,"skipped":0,"pct":0},"statements":{"total":2,"covered":1,"skipped":0,"pct":50},"branches":{"total":0,"covered":0,"skipped":0,"pct":100}}
,"/home/sysreiner/hr_capstones/the-real-frontend-capstone/cad/client/src/components/qa/Photoes.jsx": {"lines":{"total":3,"covered":1,"skipped":0,"pct":33.33},"functions":{"total":2,"covered":0,"skipped":0,"pct":0},"statements":{"total":3,"covered":1,"skipped":0,"pct":33.33},"branches":{"total":2,"covered":0,"skipped":0,"pct":0}}
,"/home/sysreiner/hr_capstones/the-real-frontend-capstone/cad/client/src/components/qa/Qa.jsx": {"lines":{"total":42,"covered":21,"skipped":0,"pct":50},"functions":{"total":11,"covered":1,"skipped":0,"pct":9.09},"statements":{"total":43,"covered":21,"skipped":0,"pct":48.83},"branches":{"total":23,"covered":4,"skipped":0,"pct":17.39}}
,"/home/sysreiner/hr_capstones/the-real-frontend-capstone/cad/client/src/components/qa/Question.jsx": {"lines":{"total":17,"covered":4,"skipped":0,"pct":23.52},"functions":{"total":5,"covered":0,"skipped":0,"pct":0},"statements":{"total":17,"covered":4,"skipped":0,"pct":23.52},"branches":{"total":2,"covered":0,"skipped":0,"pct":0}}
,"/home/sysreiner/hr_capstones/the-real-frontend-capstone/cad/client/src/components/qa/QuestionsList.jsx": {"lines":{"total":3,"covered":1,"skipped":0,"pct":33.33},"functions":{"total":2,"covered":0,"skipped":0,"pct":0},"statements":{"total":3,"covered":1,"skipped":0,"pct":33.33},"branches":{"total":0,"covered":0,"skipped":0,"pct":100}}
,"/home/sysreiner/hr_capstones/the-real-frontend-capstone/cad/client/src/components/qa/UploadedPhotos.jsx": {"lines":{"total":3,"covered":1,"skipped":0,"pct":33.33},"functions":{"total":2,"covered":0,"skipped":0,"pct":0},"statements":{"total":3,"covered":1,"skipped":0,"pct":33.33},"branches":{"total":0,"covered":0,"skipped":0,"pct":100}}
,"/home/sysreiner/hr_capstones/the-real-frontend-capstone/cad/client/src/components/relatedComparison/HorizontalScroller.jsx": {"lines":{"total":33,"covered":11,"skipped":0,"pct":33.33},"functions":{"total":10,"covered":1,"skipped":0,"pct":10},"statements":{"total":34,"covered":11,"skipped":0,"pct":32.35},"branches":{"total":14,"covered":3,"skipped":0,"pct":21.42}}
,"/home/sysreiner/hr_capstones/the-real-frontend-capstone/cad/client/src/components/relatedComparison/OutfitCard.jsx": {"lines":{"total":3,"covered":1,"skipped":0,"pct":33.33},"functions":{"total":2,"covered":0,"skipped":0,"pct":0},"statements":{"total":3,"covered":1,"skipped":0,"pct":33.33},"branches":{"total":0,"covered":0,"skipped":0,"pct":100}}
,"/home/sysreiner/hr_capstones/the-real-frontend-capstone/cad/client/src/components/relatedComparison/OutfitSection.jsx": {"lines":{"total":21,"covered":8,"skipped":0,"pct":38.09},"functions":{"total":11,"covered":1,"skipped":0,"pct":9.09},"statements":{"total":25,"covered":8,"skipped":0,"pct":32},"branches":{"total":6,"covered":0,"skipped":0,"pct":0}}
,"/home/sysreiner/hr_capstones/the-real-frontend-capstone/cad/client/src/components/relatedComparison/PriceTag.jsx": {"lines":{"total":2,"covered":1,"skipped":0,"pct":50},"functions":{"total":1,"covered":0,"skipped":0,"pct":0},"statements":{"total":2,"covered":1,"skipped":0,"pct":50},"branches":{"total":4,"covered":0,"skipped":0,"pct":0}}
,"/home/sysreiner/hr_capstones/the-real-frontend-capstone/cad/client/src/components/relatedComparison/RelatedCard.jsx": {"lines":{"total":20,"covered":1,"skipped":0,"pct":5},"functions":{"total":10,"covered":0,"skipped":0,"pct":0},"statements":{"total":21,"covered":1,"skipped":0,"pct":4.76},"branches":{"total":8,"covered":0,"skipped":0,"pct":0}}
,"/home/sysreiner/hr_capstones/the-real-frontend-capstone/cad/client/src/components/relatedComparison/RelatedSection.jsx": {"lines":{"total":25,"covered":5,"skipped":0,"pct":20},"functions":{"total":6,"covered":1,"skipped":0,"pct":16.66},"statements":{"total":26,"covered":5,"skipped":0,"pct":19.23},"branches":{"total":10,"covered":0,"skipped":0,"pct":0}}
,"/home/sysreiner/hr_capstones/the-real-frontend-capstone/cad/client/src/components/relatedComparison/helpers/styleHelpers.js": {"lines":{"total":2,"covered":1,"skipped":0,"pct":50},"functions":{"total":2,"covered":0,"skipped":0,"pct":0},"statements":{"total":3,"covered":1,"skipped":0,"pct":33.33},"branches":{"total":1,"covered":0,"skipped":0,"pct":0}}
,"/home/sysreiner/hr_capstones/the-real-frontend-capstone/cad/client/src/components/reviewRating/Rating.jsx": {"lines":{"total":72,"covered":23,"skipped":0,"pct":31.94},"functions":{"total":17,"covered":1,"skipped":0,"pct":5.88},"statements":{"total":73,"covered":23,"skipped":0,"pct":31.5},"branches":{"total":35,"covered":4,"skipped":0,"pct":11.42}}
,"/home/sysreiner/hr_capstones/the-real-frontend-capstone/cad/client/src/components/reviewRating/components/AddReview.jsx": {"lines":{"total":185,"covered":3,"skipped":0,"pct":1.62},"functions":{"total":38,"covered":0,"skipped":0,"pct":0},"statements":{"total":186,"covered":3,"skipped":0,"pct":1.61},"branches":{"total":106,"covered":0,"skipped":0,"pct":0}}
,"/home/sysreiner/hr_capstones/the-real-frontend-capstone/cad/client/src/components/reviewRating/components/DragAndDrop.jsx": {"lines":{"total":27,"covered":1,"skipped":0,"pct":3.7},"functions":{"total":11,"covered":0,"skipped":0,"pct":0},"statements":{"total":29,"covered":1,"skipped":0,"pct":3.44},"branches":{"total":14,"covered":0,"skipped":0,"pct":0}}
,"/home/sysreiner/hr_capstones/the-real-frontend-capstone/cad/client/src/components/reviewRating/components/ModalBackground.jsx": {"lines":{"total":16,"covered":1,"skipped":0,"pct":6.25},"functions":{"total":3,"covered":0,"skipped":0,"pct":0},"statements":{"total":16,"covered":1,"skipped":0,"pct":6.25},"branches":{"total":22,"covered":0,"skipped":0,"pct":0}}
,"/home/sysreiner/hr_capstones/the-real-frontend-capstone/cad/client/src/components/reviewRating/components/ModalFrame.jsx": {"lines":{"total":8,"covered":1,"skipped":0,"pct":12.5},"functions":{"total":2,"covered":0,"skipped":0,"pct":0},"statements":{"total":8,"covered":1,"skipped":0,"pct":12.5},"branches":{"total":10,"covered":0,"skipped":0,"pct":0}}
,"/home/sysreiner/hr_capstones/the-real-frontend-capstone/cad/client/src/components/reviewRating/components/ProductBreakdown.jsx": {"lines":{"total":25,"covered":1,"skipped":0,"pct":4},"functions":{"total":10,"covered":0,"skipped":0,"pct":0},"statements":{"total":25,"covered":1,"skipped":0,"pct":4},"branches":{"total":16,"covered":0,"skipped":0,"pct":0}}
,"/home/sysreiner/hr_capstones/the-real-frontend-capstone/cad/client/src/components/reviewRating/components/RatingBreakdown.jsx": {"lines":{"total":86,"covered":1,"skipped":0,"pct":1.16},"functions":{"total":8,"covered":0,"skipped":0,"pct":0},"statements":{"total":86,"covered":1,"skipped":0,"pct":1.16},"branches":{"total":34,"covered":0,"skipped":0,"pct":0}}
,"/home/sysreiner/hr_capstones/the-real-frontend-capstone/cad/client/src/components/reviewRating/components/ReviewList.jsx": {"lines":{"total":13,"covered":5,"skipped":0,"pct":38.46},"functions":{"total":7,"covered":2,"skipped":0,"pct":28.57},"statements":{"total":13,"covered":5,"skipped":0,"pct":38.46},"branches":{"total":2,"covered":1,"skipped":0,"pct":50}}
,"/home/sysreiner/hr_capstones/the-real-frontend-capstone/cad/client/src/components/reviewRating/components/ReviewPictureModel.jsx": {"lines":{"total":4,"covered":1,"skipped":0,"pct":25},"functions":{"total":1,"covered":0,"skipped":0,"pct":0},"statements":{"total":4,"covered":1,"skipped":0,"pct":25},"branches":{"total":0,"covered":0,"skipped":0,"pct":100}}
,"/home/sysreiner/hr_capstones/the-real-frontend-capstone/cad/client/src/components/reviewRating/components/ReviewTile.jsx": {"lines":{"total":50,"covered":9,"skipped":0,"pct":18},"functions":{"total":20,"covered":0,"skipped":0,"pct":0},"statements":{"total":50,"covered":9,"skipped":0,"pct":18},"branches":{"total":16,"covered":0,"skipped":0,"pct":0}}
,"/home/sysreiner/hr_capstones/the-real-frontend-capstone/cad/client/src/components/reviewRating/components/SortOptions.jsx": {"lines":{"total":11,"covered":6,"skipped":0,"pct":54.54},"functions":{"total":4,"covered":2,"skipped":0,"pct":50},"statements":{"total":11,"covered":6,"skipped":0,"pct":54.54},"branches":{"total":0,"covered":0,"skipped":0,"pct":100}}
,"/home/sysreiner/hr_capstones/the-real-frontend-capstone/cad/client/src/components/styleSelect/Imagegallery.jsx": {"lines":{"total":14,"covered":8,"skipped":0,"pct":57.14},"functions":{"total":7,"covered":1,"skipped":0,"pct":14.28},"statements":{"total":15,"covered":8,"skipped":0,"pct":53.33},"branches":{"total":6,"covered":1,"skipped":0,"pct":16.66}}
,"/home/sysreiner/hr_capstones/the-real-frontend-capstone/cad/client/src/components/styleSelect/Selector.jsx": {"lines":{"total":66,"covered":24,"skipped":0,"pct":36.36},"functions":{"total":22,"covered":1,"skipped":0,"pct":4.54},"statements":{"total":74,"covered":24,"skipped":0,"pct":32.43},"branches":{"total":18,"covered":8,"skipped":0,"pct":44.44}}
,"/home/sysreiner/hr_capstones/the-real-frontend-capstone/cad/client/src/components/styleSelect/Sizeoptions.jsx": {"lines":{"total":6,"covered":3,"skipped":0,"pct":50},"functions":{"total":3,"covered":1,"skipped":0,"pct":33.33},"statements":{"total":6,"covered":3,"skipped":0,"pct":50},"branches":{"total":2,"covered":2,"skipped":0,"pct":100}}
,"/home/sysreiner/hr_capstones/the-real-frontend-capstone/cad/client/src/components/styleSelect/Styleoptions.jsx": {"lines":{"total":9,"covered":8,"skipped":0,"pct":88.88},"functions":{"total":6,"covered":1,"skipped":0,"pct":16.66},"statements":{"total":9,"covered":8,"skipped":0,"pct":88.88},"branches":{"total":2,"covered":1,"skipped":0,"pct":50}}
}
