{"total": {"lines":{"total":1027,"covered":216,"skipped":0,"pct":21.03},"statements":{"total":1066,"covered":216,"skipped":0,"pct":20.26},"functions":{"total":324,"covered":23,"skipped":0,"pct":7.09},"branches":{"total":459,"covered":24,"skipped":0,"pct":5.22},"branchesTrue":{"total":0,"covered":0,"skipped":0,"pct":100}}
,"/home/sysreiner/hr_capstones/the-real-frontend-capstone/cad/client/src/App.jsx": {"lines":{"total":2,"covered":2,"skipped":0,"pct":100},"functions":{"total":1,"covered":1,"skipped":0,"pct":100},"statements":{"total":2,"covered":2,"skipped":0,"pct":100},"branches":{"total":0,"covered":0,"skipped":0,"pct":100}}
,"/home/sysreiner/hr_capstones/the-real-frontend-capstone/cad/client/src/AxiosInstance.js": {"lines":{"total":1,"covered":1,"skipped":0,"pct":100},"functions":{"total":0,"covered":0,"skipped":0,"pct":100},"statements":{"total":1,"covered":1,"skipped":0,"pct":100},"branches":{"total":0,"covered":0,"skipped":0,"pct":100}}
,"/home/sysreiner/hr_capstones/the-real-frontend-capstone/cad/client/src/ProductContext.jsx": {"lines":{"total":42,"covered":16,"skipped":0,"pct":38.09},"functions":{"total":17,"covered":1,"skipped":0,"pct":5.88},"statements":{"total":44,"covered":16,"skipped":0,"pct":36.36},"branches":{"total":6,"covered":0,"skipped":0,"pct":0}}
,"/home/sysreiner/hr_capstones/the-real-frontend-capstone/cad/client/src/ThemeContext.jsx": {"lines":{"total":15,"covered":6,"skipped":0,"pct":40},"functions":{"total":6,"covered":1,"skipped":0,"pct":16.66},"statements":{"total":16,"covered":6,"skipped":0,"pct":37.5},"branches":{"total":4,"covered":1,"skipped":0,"pct":25}}
,"/home/sysreiner/hr_capstones/the-real-frontend-capstone/cad/client/src/components/header/Header.jsx": {"lines":{"total":2,"covered":2,"skipped":0,"pct":100},"functions":{"total":1,"covered":1,"skipped":0,"pct":100},"statements":{"total":2,"covered":2,"skipped":0,"pct":100},"branches":{"total":0,"covered":0,"skipped":0,"pct":100}}
,"/home/sysreiner/hr_capstones/the-real-frontend-capstone/cad/client/src/components/header/ThemeToggle.jsx": {"lines":{"total":3,"covered":2,"skipped":0,"pct":66.66},"functions":{"total":1,"covered":1,"skipped":0,"pct":100},"statements":{"total":3,"covered":2,"skipped":0,"pct":66.66},"branches":{"total":0,"covered":0,"skipped":0,"pct":100}}
,"/home/sysreiner/hr_capstones/the-real-frontend-capstone/cad/client/src/components/qa/AddAQuestionModal.jsx": {"lines":{"total":30,"covered":4,"skipped":0,"pct":13.33},"functions":{"total":9,"covered":0,"skipped":0,"pct":0},"statements":{"total":30,"covered":4,"skipped":0,"pct":13.33},"branches":{"total":8,"covered":0,"skipped":0,"pct":0}}
,"/home/sysreiner/hr_capstones/the-real-frontend-capstone/cad/client/src/components/qa/AddAnAnswerModal.jsx": {"lines":{"total":45,"covered":4,"skipped":0,"pct":8.88},"functions":{"total":13,"covered":0,"skipped":0,"pct":0},"statements":{"total":46,"covered":4,"skipped":0,"pct":8.69},"branches":{"total":20,"covered":0,"skipped":0,"pct":0}}
,"/home/sysreiner/hr_capstones/the-real-frontend-capstone/cad/client/src/components/qa/Answers.jsx": {"lines":{"total":35,"covered":4,"skipped":0,"pct":11.42},"functions":{"total":11,"covered":0,"skipped":0,"pct":0},"statements":{"total":38,"covered":4,"skipped":0,"pct":10.52},"branches":{"total":18,"covered":0,"skipped":0,"pct":0}}
,"/home/sysreiner/hr_capstones/the-real-frontend-capstone/cad/client/src/components/qa/Footer.jsx": {"lines":{"total":26,"covered":4,"skipped":0,"pct":15.38},"functions":{"total":7,"covered":0,"skipped":0,"pct":0},"statements":{"total":26,"covered":4,"skipped":0,"pct":15.38},"branches":{"total":4,"covered":0,"skipped":0,"pct":0}}
,"/home/sysreiner/hr_capstones/the-real-frontend-capstone/cad/client/src/components/qa/MoreQuestions.jsx": {"lines":{"total":2,"covered":1,"skipped":0,"pct":50},"functions":{"total":1,"covered":0,"skipped":0,"pct":0},"statements":{"total":2,"covered":1,"skipped":0,"pct":50},"branches":{"total":0,"covered":0,"skipped":0,"pct":100}}
,"/home/sysreiner/hr_capstones/the-real-frontend-capstone/cad/client/src/components/qa/Photoes.jsx": {"lines":{"total":3,"covered":1,"skipped":0,"pct":33.33},"functions":{"total":2,"covered":0,"skipped":0,"pct":0},"statements":{"total":3,"covered":1,"skipped":0,"pct":33.33},"branches":{"total":2,"covered":0,"skipped":0,"pct":0}}
,"/home/sysreiner/hr_capstones/the-real-frontend-capstone/cad/client/src/components/qa/Qa.jsx": {"lines":{"total":40,"covered":20,"skipped":0,"pct":50},"functions":{"total":11,"covered":1,"skipped":0,"pct":9.09},"statements":{"total":41,"covered":20,"skipped":0,"pct":48.78},"branches":{"total":21,"covered":3,"skipped":0,"pct":14.28}}
,"/home/sysreiner/hr_capstones/the-real-frontend-capstone/cad/client/src/components/qa/Question.jsx": {"lines":{"total":17,"covered":4,"skipped":0,"pct":23.52},"functions":{"total":5,"covered":0,"skipped":0,"pct":0},"statements":{"total":17,"covered":4,"skipped":0,"pct":23.52},"branches":{"total":2,"covered":0,"skipped":0,"pct":0}}
,"/home/sysreiner/hr_capstones/the-real-frontend-capstone/cad/client/src/components/qa/QuestionsList.jsx": {"lines":{"total":3,"covered":1,"skipped":0,"pct":33.33},"functions":{"total":2,"covered":0,"skipped":0,"pct":0},"statements":{"total":3,"covered":1,"skipped":0,"pct":33.33},"branches":{"total":2,"covered":0,"skipped":0,"pct":0}}
,"/home/sysreiner/hr_capstones/the-real-frontend-capstone/cad/client/src/components/qa/UploadedPhotos.jsx": {"lines":{"total":3,"covered":1,"skipped":0,"pct":33.33},"functions":{"total":2,"covered":0,"skipped":0,"pct":0},"statements":{"total":3,"covered":1,"skipped":0,"pct":33.33},"branches":{"total":0,"covered":0,"skipped":0,"pct":100}}
,"/home/sysreiner/hr_capstones/the-real-frontend-capstone/cad/client/src/components/relatedComparison/HorizontalScroller.jsx": {"lines":{"total":33,"covered":11,"skipped":0,"pct":33.33},"functions":{"total":10,"covered":1,"skipped":0,"pct":10},"statements":{"total":34,"covered":11,"skipped":0,"pct":32.35},"branches":{"total":14,"covered":3,"skipped":0,"pct":21.42}}
,"/home/sysreiner/hr_capstones/the-real-frontend-capstone/cad/client/src/components/relatedComparison/OutfitCard.jsx": {"lines":{"total":3,"covered":1,"skipped":0,"pct":33.33},"functions":{"total":2,"covered":0,"skipped":0,"pct":0},"statements":{"total":3,"covered":1,"skipped":0,"pct":33.33},"branches":{"total":0,"covered":0,"skipped":0,"pct":100}}
,"/home/sysreiner/hr_capstones/the-real-frontend-capstone/cad/client/src/components/relatedComparison/OutfitSection.jsx": {"lines":{"total":21,"covered":8,"skipped":0,"pct":38.09},"functions":{"total":11,"covered":1,"skipped":0,"pct":9.09},"statements":{"total":25,"covered":8,"skipped":0,"pct":32},"branches":{"total":6,"covered":0,"skipped":0,"pct":0}}
,"/home/sysreiner/hr_capstones/the-real-frontend-capstone/cad/client/src/components/relatedComparison/PriceTag.jsx": {"lines":{"total":2,"covered":1,"skipped":0,"pct":50},"functions":{"total":1,"covered":0,"skipped":0,"pct":0},"statements":{"total":2,"covered":1,"skipped":0,"pct":50},"branches":{"total":4,"covered":0,"skipped":0,"pct":0}}
,"/home/sysreiner/hr_capstones/the-real-frontend-capstone/cad/client/src/components/relatedComparison/RelatedCard.jsx": {"lines":{"total":20,"covered":1,"skipped":0,"pct":5},"functions":{"total":10,"covered":0,"skipped":0,"pct":0},"statements":{"total":21,"covered":1,"skipped":0,"pct":4.76},"branches":{"total":8,"covered":0,"skipped":0,"pct":0}}
,"/home/sysreiner/hr_capstones/the-real-frontend-capstone/cad/client/src/components/relatedComparison/RelatedSection.jsx": {"lines":{"total":25,"covered":5,"skipped":0,"pct":20},"functions":{"total":6,"covered":1,"skipped":0,"pct":16.66},"statements":{"total":26,"covered":5,"skipped":0,"pct":19.23},"branches":{"total":10,"covered":0,"skipped":0,"pct":0}}
,"/home/sysreiner/hr_capstones/the-real-frontend-capstone/cad/client/src/components/relatedComparison/helpers/styleHelpers.js": {"lines":{"total":2,"covered":1,"skipped":0,"pct":50},"functions":{"total":2,"covered":0,"skipped":0,"pct":0},"statements":{"total":3,"covered":1,"skipped":0,"pct":33.33},"branches":{"total":1,"covered":0,"skipped":0,"pct":0}}
,"/home/sysreiner/hr_capstones/the-real-frontend-capstone/cad/client/src/components/reviewRating/Rating.jsx": {"lines":{"total":72,"covered":23,"skipped":0,"pct":31.94},"functions":{"total":17,"covered":1,"skipped":0,"pct":5.88},"statements":{"total":73,"covered":23,"skipped":0,"pct":31.5},"branches":{"total":35,"covered":4,"skipped":0,"pct":11.42}}
,"/home/sysreiner/hr_capstones/the-real-frontend-capstone/cad/client/src/components/reviewRating/components/AddReview.jsx": {"lines":{"total":28,"covered":1,"skipped":0,"pct":3.57},"functions":{"total":6,"covered":0,"skipped":0,"pct":0},"statements":{"total":28,"covered":1,"skipped":0,"pct":3.57},"branches":{"total":2,"covered":0,"skipped":0,"pct":0}}
,"/home/sysreiner/hr_capstones/the-real-frontend-capstone/cad/client/src/components/reviewRating/components/DragAndDrop.jsx": {"lines":{"total":27,"covered":1,"skipped":0,"pct":3.7},"functions":{"total":11,"covered":0,"skipped":0,"pct":0},"statements":{"total":29,"covered":1,"skipped":0,"pct":3.44},"branches":{"total":14,"covered":0,"skipped":0,"pct":0}}
,"/home/sysreiner/hr_capstones/the-real-frontend-capstone/cad/client/src/components/reviewRating/components/ModalBackground.jsx": {"lines":{"total":16,"covered":1,"skipped":0,"pct":6.25},"functions":{"total":3,"covered":0,"skipped":0,"pct":0},"statements":{"total":16,"covered":1,"skipped":0,"pct":6.25},"branches":{"total":22,"covered":0,"skipped":0,"pct":0}}
,"/home/sysreiner/hr_capstones/the-real-frontend-capstone/cad/client/src/components/reviewRating/components/ModalFrame.jsx": {"lines":{"total":8,"covered":1,"skipped":0,"pct":12.5},"functions":{"total":2,"covered":0,"skipped":0,"pct":0},"statements":{"total":8,"covered":1,"skipped":0,"pct":12.5},"branches":{"total":10,"covered":0,"skipped":0,"pct":0}}
,"/home/sysreiner/hr_capstones/the-real-frontend-capstone/cad/client/src/components/reviewRating/components/ProductBreakdown.jsx": {"lines":{"total":25,"covered":1,"skipped":0,"pct":4},"functions":{"total":10,"covered":0,"skipped":0,"pct":0},"statements":{"total":25,"covered":1,"skipped":0,"pct":4},"branches":{"total":16,"covered":0,"skipped":0,"pct":0}}
,"/home/sysreiner/hr_capstones/the-real-frontend-capstone/cad/client/src/components/reviewRating/components/RatingBreakdown.jsx": {"lines":{"total":86,"covered":1,"skipped":0,"pct":1.16},"functions":{"total":8,"covered":0,"skipped":0,"pct":0},"statements":{"total":86,"covered":1,"skipped":0,"pct":1.16},"branches":{"total":34,"covered":0,"skipped":0,"pct":0}}
,"/home/sysreiner/hr_capstones/the-real-frontend-capstone/cad/client/src/components/reviewRating/components/ReviewList.jsx": {"lines":{"total":13,"covered":5,"skipped":0,"pct":38.46},"functions":{"total":7,"covered":2,"skipped":0,"pct":28.57},"statements":{"total":13,"covered":5,"skipped":0,"pct":38.46},"branches":{"total":2,"covered":1,"skipped":0,"pct":50}}
,"/home/sysreiner/hr_capstones/the-real-frontend-capstone/cad/client/src/components/reviewRating/components/ReviewPictureModel.jsx": {"lines":{"total":4,"covered":1,"skipped":0,"pct":25},"functions":{"total":1,"covered":0,"skipped":0,"pct":0},"statements":{"total":4,"covered":1,"skipped":0,"pct":25},"branches":{"total":0,"covered":0,"skipped":0,"pct":100}}
,"/home/sysreiner/hr_capstones/the-real-frontend-capstone/cad/client/src/components/reviewRating/components/ReviewSectionFooter.jsx": {"lines":{"total":7,"covered":1,"skipped":0,"pct":14.28},"functions":{"total":4,"covered":0,"skipped":0,"pct":0},"statements":{"total":7,"covered":1,"skipped":0,"pct":14.28},"branches":{"total":6,"covered":0,"skipped":0,"pct":0}}
,"/home/sysreiner/hr_capstones/the-real-frontend-capstone/cad/client/src/components/reviewRating/components/ReviewTile.jsx": {"lines":{"total":50,"covered":20,"skipped":0,"pct":40},"functions":{"total":20,"covered":4,"skipped":0,"pct":20},"statements":{"total":50,"covered":20,"skipped":0,"pct":40},"branches":{"total":16,"covered":0,"skipped":0,"pct":0}}
,"/home/sysreiner/hr_capstones/the-real-frontend-capstone/cad/client/src/components/reviewRating/components/SortOptions.jsx": {"lines":{"total":11,"covered":6,"skipped":0,"pct":54.54},"functions":{"total":4,"covered":2,"skipped":0,"pct":50},"statements":{"total":11,"covered":6,"skipped":0,"pct":54.54},"branches":{"total":0,"covered":0,"skipped":0,"pct":100}}
,"/home/sysreiner/hr_capstones/the-real-frontend-capstone/cad/client/src/components/reviewRating/components/UserCharacteristics.jsx": {"lines":{"total":94,"covered":1,"skipped":0,"pct":1.06},"functions":{"total":13,"covered":0,"skipped":0,"pct":0},"statements":{"total":95,"covered":1,"skipped":0,"pct":1.05},"branches":{"total":68,"covered":0,"skipped":0,"pct":0}}
,"/home/sysreiner/hr_capstones/the-real-frontend-capstone/cad/client/src/components/reviewRating/components/UserRating.jsx": {"lines":{"total":19,"covered":1,"skipped":0,"pct":5.26},"functions":{"total":3,"covered":0,"skipped":0,"pct":0},"statements":{"total":19,"covered":1,"skipped":0,"pct":5.26},"branches":{"total":12,"covered":0,"skipped":0,"pct":0}}
,"/home/sysreiner/hr_capstones/the-real-frontend-capstone/cad/client/src/components/reviewRating/components/UserRecommend.jsx": {"lines":{"total":4,"covered":1,"skipped":0,"pct":25},"functions":{"total":3,"covered":0,"skipped":0,"pct":0},"statements":{"total":4,"covered":1,"skipped":0,"pct":25},"branches":{"total":6,"covered":0,"skipped":0,"pct":0}}
,"/home/sysreiner/hr_capstones/the-real-frontend-capstone/cad/client/src/components/reviewRating/components/UserReview.jsx": {"lines":{"total":7,"covered":1,"skipped":0,"pct":14.28},"functions":{"total":4,"covered":0,"skipped":0,"pct":0},"statements":{"total":7,"covered":1,"skipped":0,"pct":14.28},"branches":{"total":18,"covered":0,"skipped":0,"pct":0}}
,"/home/sysreiner/hr_capstones/the-real-frontend-capstone/cad/client/src/components/reviewRating/components/UserReviewContactInfo.jsx": {"lines":{"total":14,"covered":1,"skipped":0,"pct":7.14},"functions":{"total":4,"covered":0,"skipped":0,"pct":0},"statements":{"total":14,"covered":1,"skipped":0,"pct":7.14},"branches":{"total":14,"covered":0,"skipped":0,"pct":0}}
,"/home/sysreiner/hr_capstones/the-real-frontend-capstone/cad/client/src/components/reviewRating/components/UserReviewStars.jsx": {"lines":{"total":18,"covered":2,"skipped":0,"pct":11.11},"functions":{"total":6,"covered":0,"skipped":0,"pct":0},"statements":{"total":18,"covered":2,"skipped":0,"pct":11.11},"branches":{"total":0,"covered":0,"skipped":0,"pct":100}}
,"/home/sysreiner/hr_capstones/the-real-frontend-capstone/cad/client/src/components/styleSelect/Advertisement.jsx": {"lines":{"total":28,"covered":4,"skipped":0,"pct":14.28},"functions":{"total":9,"covered":0,"skipped":0,"pct":0},"statements":{"total":28,"covered":4,"skipped":0,"pct":14.28},"branches":{"total":4,"covered":0,"skipped":0,"pct":0}}
,"/home/sysreiner/hr_capstones/the-real-frontend-capstone/cad/client/src/components/styleSelect/Imagegallery.jsx": {"lines":{"total":14,"covered":5,"skipped":0,"pct":35.71},"functions":{"total":10,"covered":1,"skipped":0,"pct":10},"statements":{"total":15,"covered":5,"skipped":0,"pct":33.33},"branches":{"total":12,"covered":1,"skipped":0,"pct":8.33}}
,"/home/sysreiner/hr_capstones/the-real-frontend-capstone/cad/client/src/components/styleSelect/Purchase.jsx": {"lines":{"total":3,"covered":3,"skipped":0,"pct":100},"functions":{"total":2,"covered":1,"skipped":0,"pct":50},"statements":{"total":3,"covered":3,"skipped":0,"pct":100},"branches":{"total":2,"covered":1,"skipped":0,"pct":50}}
,"/home/sysreiner/hr_capstones/the-real-frontend-capstone/cad/client/src/components/styleSelect/Selector.jsx": {"lines":{"total":74,"covered":24,"skipped":0,"pct":32.43},"functions":{"total":27,"covered":1,"skipped":0,"pct":3.7},"statements":{"total":84,"covered":24,"skipped":0,"pct":28.57},"branches":{"total":26,"covered":7,"skipped":0,"pct":26.92}}
,"/home/sysreiner/hr_capstones/the-real-frontend-capstone/cad/client/src/components/styleSelect/Sizeoptions.jsx": {"lines":{"total":7,"covered":4,"skipped":0,"pct":57.14},"functions":{"total":3,"covered":1,"skipped":0,"pct":33.33},"statements":{"total":7,"covered":4,"skipped":0,"pct":57.14},"branches":{"total":0,"covered":0,"skipped":0,"pct":100}}
,"/home/sysreiner/hr_capstones/the-real-frontend-capstone/cad/client/src/components/styleSelect/Styleoptions.jsx": {"lines":{"total":23,"covered":6,"skipped":0,"pct":26.08},"functions":{"total":16,"covered":1,"skipped":0,"pct":6.25},"statements":{"total":31,"covered":6,"skipped":0,"pct":19.35},"branches":{"total":10,"covered":3,"skipped":0,"pct":30}}
}
